<?xml version="1.0" encoding="UTF-8"?>
<!-- Generated by org.testng.reporters.JUnitReportReporter -->
<testsuite skipped="0" hostname="HVDIVD19MOS0329" name="StepDefinations.countDownApp" tests="2" failures="0" timestamp="20 Dec 2021 09:00:11 GMT" time="14.524" errors="0">
  <testcase name="Timer" time="13.445" classname="StepDefinations.countDownApp"/>
  <testcase name="finalCheck" time="1.079" classname="StepDefinations.countDownApp"/>
</testsuite> <!-- StepDefinations.countDownApp -->
