<?xml version="1.0" encoding="UTF-8"?>
<!-- Generated by org.testng.reporters.JUnitReportReporter -->
<testsuite skipped="0" hostname="HVDIVD19MOS0329" name="TestRunner.Runner" tests="1" failures="0" timestamp="20 Dec 2021 09:06:25 GMT" time="0.029" errors="0">
  <testcase name="feature" time="0.029" classname="TestRunner.Runner"/>
</testsuite> <!-- TestRunner.Runner -->
