<?xml version="1.0" encoding="UTF-8"?>
<!-- Generated by org.testng.reporters.JUnitReportReporter -->
<testsuite hostname="HVDIVD19MOS0329" name="eggTimer.CountDown.countDownApp" tests="2" failures="0" timestamp="19 Dec 2021 16:51:32 GMT" time="13.868" errors="0">
  <testcase name="finalCheck" time="1.081" classname="eggTimer.CountDown.countDownApp"/>
  <testcase name="Timer" time="12.787" classname="eggTimer.CountDown.countDownApp"/>
</testsuite> <!-- eggTimer.CountDown.countDownApp -->
