<?xml version="1.0" encoding="UTF-8"?>
<!-- Generated by org.testng.reporters.JUnitReportReporter -->
<testsuite hostname="HVDIVD19MOS0329" name="eggTimer.CountDown.App" tests="1" failures="0" timestamp="17 Dec 2021 11:27:09 GMT" time="33.251" errors="0">
  <testcase name="Timer" time="33.251" classname="eggTimer.CountDown.App"/>
</testsuite> <!-- eggTimer.CountDown.App -->
